<?xml version="1.0" encoding="UTF-8"?>
<testsuite xmlns:xsi="http://www.w3.org/2001/XMLSchema-instance" xsi:noNamespaceSchemaLocation="https://maven.apache.org/surefire/maven-surefire-plugin/xsd/surefire-test-report-3.0.xsd" version="3.0" name="com.fulfilment.application.monolith.stores.LegacyStoreManagerGatewayTest" time="0.005" tests="2" errors="0" skipped="0" failures="0">
  <properties>
[...]
</properties>
  <testcase name="testCreateStoreOnLegacySystem" classname="com.fulfilment.application.monolith.stores.LegacyStoreManagerGatewayTest" time="0.002">
    <system-out><![CDATA[2026-02-24 15:27:25,099 INFO  [com.ful.app.mon.sto.LegacyStoreManagerGateway] (main) Temporary file created at: /var/folders/fx/pg5bw66x28n548983_9nxlm00000gn/T/LegacyStore13789411714307458486.txt
2026-02-24 15:27:25,099 INFO  [com.ful.app.mon.sto.LegacyStoreManagerGateway] (main) Data written to temporary file.
2026-02-24 15:27:25,100 INFO  [com.ful.app.mon.sto.LegacyStoreManagerGateway] (main) Temporary file deleted.
]]></system-out>
  </testcase>
  <testcase name="testUpdateStoreOnLegacySystem" classname="com.fulfilment.application.monolith.stores.LegacyStoreManagerGatewayTest" time="0.001">
    <system-out><![CDATA[2026-02-24 15:27:25,102 INFO  [com.ful.app.mon.sto.LegacyStoreManagerGateway] (main) Temporary file created at: /var/folders/fx/pg5bw66x28n548983_9nxlm00000gn/T/LegacyStoreUpdate14474153628982720445.txt
2026-02-24 15:27:25,102 INFO  [com.ful.app.mon.sto.LegacyStoreManagerGateway] (main) Data written to temporary file.
2026-02-24 15:27:25,102 INFO  [com.ful.app.mon.sto.LegacyStoreManagerGateway] (main) Temporary file deleted.
]]></system-out>
  </testcase>
</testsuite>